2025-12-30 13:33:24 | INFO | Binance client initialized successfully
2025-12-30 13:33:26 | ERROR | Error fetching client details APIError(code=-2015): Invalid API-key, IP, or permissions for action
2025-12-30 13:35:22 | INFO | Binance client initialized successfully
2025-12-30 13:35:22 | INFO | Client details fetched successfully
2025-12-30 13:35:22 | INFO | Connection verified successfully
2025-12-30 17:33:36 | INFO | Binance client initialized successfully
2025-12-30 17:33:37 | INFO | Client details fetched successfully
2025-12-30 17:33:37 | INFO | Placing Order:  | BUY | 0.001 | BTCUSDT |
2025-12-30 17:33:37 | ERROR | Order failed APIError(code=-4164): Order's notional must be no smaller than 100 (unless you choose reduce only).
Traceback (most recent call last):
  File "/home/uday-pratap-singh/Desktop/assignment/binance-trading-bot/src/market_order.py", line 37, in place_order
    order = self.client.futures_create_order(
            ^^^^^^^^^^^^^^^^^^^^^^^^^^^^^^^^^
  File "/home/uday-pratap-singh/Desktop/assignment/binance-trading-bot/venv/lib/python3.12/site-packages/binance/client.py", line 7867, in futures_create_order
    return self._request_futures_api("post", "order", True, data=params)
           ^^^^^^^^^^^^^^^^^^^^^^^^^^^^^^^^^^^^^^^^^^^^^^^^^^^^^^^^^^^^^
  File "/home/uday-pratap-singh/Desktop/assignment/binance-trading-bot/venv/lib/python3.12/site-packages/binance/client.py", line 143, in _request_futures_api
    return self._request(method, uri, signed, force_params, **kwargs)
           ^^^^^^^^^^^^^^^^^^^^^^^^^^^^^^^^^^^^^^^^^^^^^^^^^^^^^^^^^^
  File "/home/uday-pratap-singh/Desktop/assignment/binance-trading-bot/venv/lib/python3.12/site-packages/binance/client.py", line 106, in _request
    return self._handle_response(self.response)
           ^^^^^^^^^^^^^^^^^^^^^^^^^^^^^^^^^^^^
  File "/home/uday-pratap-singh/Desktop/assignment/binance-trading-bot/venv/lib/python3.12/site-packages/binance/client.py", line 115, in _handle_response
    raise BinanceAPIException(response, response.status_code, response.text)
binance.exceptions.BinanceAPIException: APIError(code=-4164): Order's notional must be no smaller than 100 (unless you choose reduce only).
2025-12-30 17:34:02 | INFO | Binance client initialized successfully
2025-12-30 17:34:03 | INFO | Client details fetched successfully
2025-12-30 17:34:03 | INFO | Placing Order:  | BUY | 0.001 | BTCUSDT |
2025-12-30 17:34:03 | ERROR | Order failed APIError(code=-4164): Order's notional must be no smaller than 100 (unless you choose reduce only).
Traceback (most recent call last):
  File "/home/uday-pratap-singh/Desktop/assignment/binance-trading-bot/src/market_order.py", line 37, in place_order
    order = self.client.futures_create_order(
            ^^^^^^^^^^^^^^^^^^^^^^^^^^^^^^^^^
  File "/home/uday-pratap-singh/Desktop/assignment/binance-trading-bot/venv/lib/python3.12/site-packages/binance/client.py", line 7867, in futures_create_order
    return self._request_futures_api("post", "order", True, data=params)
           ^^^^^^^^^^^^^^^^^^^^^^^^^^^^^^^^^^^^^^^^^^^^^^^^^^^^^^^^^^^^^
  File "/home/uday-pratap-singh/Desktop/assignment/binance-trading-bot/venv/lib/python3.12/site-packages/binance/client.py", line 143, in _request_futures_api
    return self._request(method, uri, signed, force_params, **kwargs)
           ^^^^^^^^^^^^^^^^^^^^^^^^^^^^^^^^^^^^^^^^^^^^^^^^^^^^^^^^^^
  File "/home/uday-pratap-singh/Desktop/assignment/binance-trading-bot/venv/lib/python3.12/site-packages/binance/client.py", line 106, in _request
    return self._handle_response(self.response)
           ^^^^^^^^^^^^^^^^^^^^^^^^^^^^^^^^^^^^
  File "/home/uday-pratap-singh/Desktop/assignment/binance-trading-bot/venv/lib/python3.12/site-packages/binance/client.py", line 115, in _handle_response
    raise BinanceAPIException(response, response.status_code, response.text)
binance.exceptions.BinanceAPIException: APIError(code=-4164): Order's notional must be no smaller than 100 (unless you choose reduce only).
2025-12-30 17:36:19 | INFO | Binance client initialized successfully
2025-12-30 17:36:20 | INFO | Client details fetched successfully
2025-12-30 17:36:20 | INFO | Placing Order:  | BUY | 0.003 | BTCUSDT |
2025-12-30 17:36:21 | INFO | Order Placed successfully with id: 11264956611 
2025-12-30 17:38:44 | INFO | Binance client initialized successfully
2025-12-30 17:38:45 | INFO | Client details fetched successfully
2025-12-30 17:38:45 | ERROR | Minimum required for BTCUSDT: 0.001138
2025-12-30 17:39:00 | INFO | Binance client initialized successfully
2025-12-30 17:39:00 | INFO | Client details fetched successfully
2025-12-30 17:39:00 | INFO | Placing Order:  | BUY | 0.002 | BTCUSDT |
2025-12-30 17:39:01 | INFO | Order Placed successfully with id: 11265000103 
2025-12-30 17:40:17 | INFO | Binance client initialized successfully
2025-12-30 17:40:18 | INFO | Client details fetched successfully
2025-12-30 17:40:18 | ERROR | Minimum required for BTCUSDT : 0.0011373782294433101 
2025-12-30 17:48:41 | INFO | Binance client initialized successfully
2025-12-30 17:48:42 | INFO | Client details fetched successfully
2025-12-30 17:48:42 | INFO | Placing Limit Order → BUY 50 @ XRPUSDT (0.45)
2025-12-30 17:48:43 | INFO | Limit Order Placed: Order ID 1273690674
2025-12-30 17:49:31 | INFO | Binance client initialized successfully
2025-12-30 17:49:32 | INFO | Client details fetched successfully
2025-12-30 17:49:32 | ERROR | Side must be BUY or SELL
2025-12-30 18:07:55 | INFO | Binance client initialized successfully
2025-12-30 18:07:56 | INFO | Client details fetched successfully
2025-12-30 18:07:56 | INFO | OCO Setup | BUY XRPUSDT | Qty:50 | TP:0.5 | SL:0.42
2025-12-30 18:07:56 | ERROR | OCO Order Failed: APIError(code=-2021): Order would immediately trigger.
Traceback (most recent call last):
  File "/home/uday-pratap-singh/Desktop/assignment/binance-trading-bot/src/advanced/oco.py", line 57, in place_oco
    order = self.client.futures_create_order(
            ^^^^^^^^^^^^^^^^^^^^^^^^^^^^^^^^^
  File "/home/uday-pratap-singh/Desktop/assignment/binance-trading-bot/venv/lib/python3.12/site-packages/binance/client.py", line 7862, in futures_create_order
    return self._request_futures_api("post", "algoOrder", True, data=params)
           ^^^^^^^^^^^^^^^^^^^^^^^^^^^^^^^^^^^^^^^^^^^^^^^^^^^^^^^^^^^^^^^^^
  File "/home/uday-pratap-singh/Desktop/assignment/binance-trading-bot/venv/lib/python3.12/site-packages/binance/client.py", line 143, in _request_futures_api
    return self._request(method, uri, signed, force_params, **kwargs)
           ^^^^^^^^^^^^^^^^^^^^^^^^^^^^^^^^^^^^^^^^^^^^^^^^^^^^^^^^^^
  File "/home/uday-pratap-singh/Desktop/assignment/binance-trading-bot/venv/lib/python3.12/site-packages/binance/client.py", line 106, in _request
    return self._handle_response(self.response)
           ^^^^^^^^^^^^^^^^^^^^^^^^^^^^^^^^^^^^
  File "/home/uday-pratap-singh/Desktop/assignment/binance-trading-bot/venv/lib/python3.12/site-packages/binance/client.py", line 115, in _handle_response
    raise BinanceAPIException(response, response.status_code, response.text)
binance.exceptions.BinanceAPIException: APIError(code=-2021): Order would immediately trigger.
2025-12-30 18:09:00 | INFO | Binance client initialized successfully
2025-12-30 18:09:01 | INFO | Client details fetched successfully
2025-12-30 18:09:01 | INFO | OCO Setup | BUY XRPUSDT | Qty:50 | TP:0.52 | SL:0.44
2025-12-30 18:09:01 | ERROR | OCO Order Failed: APIError(code=-2021): Order would immediately trigger.
Traceback (most recent call last):
  File "/home/uday-pratap-singh/Desktop/assignment/binance-trading-bot/src/advanced/oco.py", line 57, in place_oco
    order = self.client.futures_create_order(
            ^^^^^^^^^^^^^^^^^^^^^^^^^^^^^^^^^
  File "/home/uday-pratap-singh/Desktop/assignment/binance-trading-bot/venv/lib/python3.12/site-packages/binance/client.py", line 7862, in futures_create_order
    return self._request_futures_api("post", "algoOrder", True, data=params)
           ^^^^^^^^^^^^^^^^^^^^^^^^^^^^^^^^^^^^^^^^^^^^^^^^^^^^^^^^^^^^^^^^^
  File "/home/uday-pratap-singh/Desktop/assignment/binance-trading-bot/venv/lib/python3.12/site-packages/binance/client.py", line 143, in _request_futures_api
    return self._request(method, uri, signed, force_params, **kwargs)
           ^^^^^^^^^^^^^^^^^^^^^^^^^^^^^^^^^^^^^^^^^^^^^^^^^^^^^^^^^^
  File "/home/uday-pratap-singh/Desktop/assignment/binance-trading-bot/venv/lib/python3.12/site-packages/binance/client.py", line 106, in _request
    return self._handle_response(self.response)
           ^^^^^^^^^^^^^^^^^^^^^^^^^^^^^^^^^^^^
  File "/home/uday-pratap-singh/Desktop/assignment/binance-trading-bot/venv/lib/python3.12/site-packages/binance/client.py", line 115, in _handle_response
    raise BinanceAPIException(response, response.status_code, response.text)
binance.exceptions.BinanceAPIException: APIError(code=-2021): Order would immediately trigger.
2025-12-30 18:09:16 | INFO | Binance client initialized successfully
2025-12-30 18:09:17 | INFO | Client details fetched successfully
2025-12-30 18:09:17 | INFO | OCO Setup | BUY XRPUSDT | Qty:50 | TP:0.52 | SL:0.44
2025-12-30 18:09:17 | ERROR | OCO Order Failed: APIError(code=-2021): Order would immediately trigger.
Traceback (most recent call last):
  File "/home/uday-pratap-singh/Desktop/assignment/binance-trading-bot/src/advanced/oco.py", line 57, in place_oco
    order = self.client.futures_create_order(
            ^^^^^^^^^^^^^^^^^^^^^^^^^^^^^^^^^
  File "/home/uday-pratap-singh/Desktop/assignment/binance-trading-bot/venv/lib/python3.12/site-packages/binance/client.py", line 7862, in futures_create_order
    return self._request_futures_api("post", "algoOrder", True, data=params)
           ^^^^^^^^^^^^^^^^^^^^^^^^^^^^^^^^^^^^^^^^^^^^^^^^^^^^^^^^^^^^^^^^^
  File "/home/uday-pratap-singh/Desktop/assignment/binance-trading-bot/venv/lib/python3.12/site-packages/binance/client.py", line 143, in _request_futures_api
    return self._request(method, uri, signed, force_params, **kwargs)
           ^^^^^^^^^^^^^^^^^^^^^^^^^^^^^^^^^^^^^^^^^^^^^^^^^^^^^^^^^^
  File "/home/uday-pratap-singh/Desktop/assignment/binance-trading-bot/venv/lib/python3.12/site-packages/binance/client.py", line 106, in _request
    return self._handle_response(self.response)
           ^^^^^^^^^^^^^^^^^^^^^^^^^^^^^^^^^^^^
  File "/home/uday-pratap-singh/Desktop/assignment/binance-trading-bot/venv/lib/python3.12/site-packages/binance/client.py", line 115, in _handle_response
    raise BinanceAPIException(response, response.status_code, response.text)
binance.exceptions.BinanceAPIException: APIError(code=-2021): Order would immediately trigger.
2025-12-30 18:10:39 | INFO | Binance client initialized successfully
2025-12-30 18:10:40 | INFO | Client details fetched successfully
2025-12-30 18:10:40 | INFO | OCO Setup | BUY XRPUSDT | Qty:50 | TP:0.55 | SL:0.44
2025-12-30 18:10:41 | ERROR | OCO Order Failed: APIError(code=-2021): Order would immediately trigger.
Traceback (most recent call last):
  File "/home/uday-pratap-singh/Desktop/assignment/binance-trading-bot/src/advanced/oco.py", line 57, in place_oco
    order = self.client.futures_create_order(
            ^^^^^^^^^^^^^^^^^^^^^^^^^^^^^^^^^
  File "/home/uday-pratap-singh/Desktop/assignment/binance-trading-bot/venv/lib/python3.12/site-packages/binance/client.py", line 7862, in futures_create_order
    return self._request_futures_api("post", "algoOrder", True, data=params)
           ^^^^^^^^^^^^^^^^^^^^^^^^^^^^^^^^^^^^^^^^^^^^^^^^^^^^^^^^^^^^^^^^^
  File "/home/uday-pratap-singh/Desktop/assignment/binance-trading-bot/venv/lib/python3.12/site-packages/binance/client.py", line 143, in _request_futures_api
    return self._request(method, uri, signed, force_params, **kwargs)
           ^^^^^^^^^^^^^^^^^^^^^^^^^^^^^^^^^^^^^^^^^^^^^^^^^^^^^^^^^^
  File "/home/uday-pratap-singh/Desktop/assignment/binance-trading-bot/venv/lib/python3.12/site-packages/binance/client.py", line 106, in _request
    return self._handle_response(self.response)
           ^^^^^^^^^^^^^^^^^^^^^^^^^^^^^^^^^^^^
  File "/home/uday-pratap-singh/Desktop/assignment/binance-trading-bot/venv/lib/python3.12/site-packages/binance/client.py", line 115, in _handle_response
    raise BinanceAPIException(response, response.status_code, response.text)
binance.exceptions.BinanceAPIException: APIError(code=-2021): Order would immediately trigger.
2025-12-30 18:57:11 | INFO | Binance client initialized successfully
2025-12-30 18:57:11 | INFO | Client details fetched successfully
2025-12-30 18:57:11 | INFO | 🔗 Connection verified. Executing order...
2025-12-30 18:57:12 | INFO | Live XRPUSDT price: 1.8631
2025-12-30 18:57:12 | INFO | OCO Setup for XRPUSDT BUY: Qty 50.0 | TP: 1.9004 | SL: 1.8258
2025-12-30 18:57:13 | INFO | OCO Orders Active — TP and SL Placed Successfully
2025-12-30 19:05:09 | INFO | Binance client initialized successfully
2025-12-30 19:05:09 | INFO | Client details fetched successfully
2025-12-30 19:05:09 | INFO | Live XRPUSDT price: 1.8609
2025-12-30 19:05:09 | INFO | OCO Setup for XRPUSDT BUY: Qty 50.0 | TP: 1.8981 | SL: 1.8237
2025-12-30 19:05:10 | INFO | OCO Orders Active — TP and SL Placed Successfully
2025-12-30 20:02:38 | DEBUG    | Logging initialized. Verbose=%s
2025-12-30 20:02:38 | DEBUG    | Base Url set to %s
2025-12-30 20:02:38 | INFO     | Binance client initialized successfully
2025-12-30 20:02:39 | INFO     | Client details fetched successfully
2025-12-30 20:04:49 | DEBUG    | Base Url set to %s
2025-12-30 20:04:49 | INFO     | Binance client initialized successfully
2025-12-30 20:04:49 | INFO     | Client details fetched successfully
2025-12-30 20:09:28 | DEBUG    | Base Url set to %s
2025-12-30 20:09:28 | INFO     | Binance client initialized successfully
2025-12-30 20:09:29 | INFO     | Client details fetched successfully
2025-12-30 20:09:54 | DEBUG    | Base Url set to %s 
2025-12-30 20:09:54 | INFO     | Binance client initialized successfully
2025-12-30 20:09:54 | INFO     | Client details fetched successfully
2025-12-30 20:10:31 | INFO     | Binance client initialized successfully
2025-12-30 20:10:32 | ERROR    | Error fetching client details %s
2025-12-30 20:11:11 | INFO     | Binance client initialized successfully
2025-12-30 20:11:11 | ERROR    | Error fetching client details APIError(code=-2015): Invalid API-key, IP, or permissions for action
2025-12-30 20:11:26 | INFO     | Binance client initialized successfully
2025-12-30 20:11:26 | INFO     | Client details fetched successfully
2025-12-30 20:12:46 | DEBUG    | Base Url set to https://testnet.binancefuture.com/fapi
2025-12-30 20:12:46 | INFO     | Binance client initialized successfully
2025-12-30 20:12:47 | INFO     | Client details fetched successfully
2025-12-30 21:54:28 | DEBUG    | Base Url set to https://testnet.binancefuture.com/fapi
2025-12-30 21:54:28 | INFO     | Binance client initialized successfully
2025-12-30 21:54:29 | INFO     | Client details fetched successfully
2025-12-31 10:21:15 | DEBUG    | API keys validated successfully
2025-12-31 10:21:15 | DEBUG    | Testnet flag validated: True
2025-12-31 10:21:15 | DEBUG    | Base Url set to https://testnet.binancefuture.com/fapi
2025-12-31 10:21:15 | INFO     | Binance client initialized successfully
2025-12-31 10:21:16 | INFO     | Client details fetched successfully
2026-02-02 20:07:07 | DEBUG    | API keys validated successfully
2026-02-02 20:07:07 | DEBUG    | Testnet flag validated: True
2026-02-02 20:07:08 | DEBUG    | Base Url set to https://testnet.binancefuture.com/fapi
2026-02-02 20:07:08 | INFO     | Binance client initialized successfully
2026-02-02 20:07:08 | ERROR    | Error fetching client details APIError(code=-2015): Invalid API-key, IP, or permissions for action
2026-02-02 20:27:51 | DEBUG    | API keys validated successfully
2026-02-02 20:27:51 | DEBUG    | Testnet flag validated: True
2026-02-02 20:27:51 | DEBUG    | Base Url set to https://testnet.binancefuture.com/fapi
2026-02-02 20:27:51 | INFO     | Binance client initialized successfully
2026-02-02 20:27:52 | ERROR    | Error fetching client details APIError(code=-2015): Invalid API-key, IP, or permissions for action
2026-02-02 20:31:03 | DEBUG    | API keys validated successfully
2026-02-02 20:31:03 | DEBUG    | Testnet flag validated: True
2026-02-02 20:31:04 | DEBUG    | Base Url set to https://testnet.binancefuture.com/fapi
2026-02-02 20:31:04 | INFO     | Binance client initialized successfully
2026-02-02 20:31:05 | INFO     | Client details fetched successfully
2026-02-02 20:31:27 | INFO     | Placing Order | BUY | 1.0 | BTCUSDT | lev 20
2026-02-02 20:31:28 | DEBUG    | Symbol 'BTCUSDT' is valid on Binance Futures
2026-02-02 20:31:28 | DEBUG    | Side validated: BUY
2026-02-02 20:31:28 | DEBUG    | Order parameters validated: symbol=BTCUSDT, quantity=1.0, price=None
2026-02-02 20:31:28 | DEBUG    | Binance Futures API is online and reachable
2026-02-02 20:31:28 | DEBUG    | Leverage validated: 20
2026-02-02 20:31:29 | DEBUG    | Available USDT balance validated: 5000.0
2026-02-02 20:31:30 | INFO     | Order Placed successfully with id: 12085160208
2026-02-02 20:37:41 | DEBUG    | API keys validated successfully
2026-02-02 20:37:41 | DEBUG    | Testnet flag validated: True
2026-02-02 20:37:42 | DEBUG    | Base Url set to https://testnet.binancefuture.com/fapi
2026-02-02 20:37:42 | INFO     | Binance client initialized successfully
2026-02-02 20:37:43 | INFO     | Client details fetched successfully
2026-02-02 20:38:00 | DEBUG    | Symbol 'BTCUSDT' is valid on Binance Futures
2026-02-02 20:38:00 | DEBUG    | Side validated: BUY
2026-02-02 20:38:01 | ERROR    | Price 100.0 is less than min price 261.1 for BTCUSDT
2026-02-02 20:38:01 | DEBUG    | Quantity and price validated: quantity=1.0, price=100.0 (min 261.1)
2026-02-02 20:38:01 | DEBUG    | timeInForce validated: GTC
2026-02-02 20:38:01 | INFO     | Placing Limit Order | BUY | 1.0 | BTCUSDT | 100.0 |
2026-02-02 20:38:01 | ERROR    | Limit order failed: APIError(code=-4013): Price less than min price.
2026-02-02 20:39:10 | DEBUG    | Symbol 'BTCUSDT' is valid on Binance Futures
2026-02-02 20:39:10 | DEBUG    | Side validated: BUY
2026-02-02 20:39:11 | DEBUG    | Quantity and price validated: quantity=262.0, price=270.0 (min 261.1)
2026-02-02 20:39:11 | DEBUG    | timeInForce validated: GTC
2026-02-02 20:39:11 | INFO     | Placing Limit Order | BUY | 262.0 | BTCUSDT | 270.0 |
2026-02-02 20:39:11 | ERROR    | Limit order failed: APIError(code=-2019): Margin is insufficient.
2026-02-02 20:42:41 | DEBUG    | API keys validated successfully
2026-02-02 20:42:41 | DEBUG    | Testnet flag validated: True
2026-02-02 20:42:41 | DEBUG    | Base Url set to https://testnet.binancefuture.com/fapi
2026-02-02 20:42:41 | INFO     | Binance client initialized successfully
2026-02-02 20:42:42 | INFO     | Client details fetched successfully
2026-02-02 20:43:00 | INFO     | Placing Order | BUY | 20.0 | BTCUSDT | lev 20
2026-02-02 20:43:00 | DEBUG    | Symbol 'BTCUSDT' is valid on Binance Futures
2026-02-02 20:43:00 | DEBUG    | Side validated: BUY
2026-02-02 20:43:00 | DEBUG    | Order parameters validated: symbol=BTCUSDT, quantity=20.0, price=None
2026-02-02 20:43:01 | DEBUG    | Binance Futures API is online and reachable
2026-02-02 20:43:01 | DEBUG    | Leverage validated: 20
2026-02-02 20:43:01 | DEBUG    | Available USDT balance validated: 4968.92735433
2026-02-02 20:43:02 | WARNING  | Quantity 20.0 too high, adjusted → 1.018674
2026-02-02 20:43:04 | ERROR    | Order failed APIError(code=-1111): Precision is over the maximum defined for this asset.
2026-02-02 20:43:27 | INFO     | Placing Order | BUY | 1.01 | BTCUSDT | lev 20
2026-02-02 20:43:27 | DEBUG    | Symbol 'BTCUSDT' is valid on Binance Futures
2026-02-02 20:43:27 | DEBUG    | Side validated: BUY
2026-02-02 20:43:27 | DEBUG    | Order parameters validated: symbol=BTCUSDT, quantity=1.01, price=None
2026-02-02 20:43:28 | DEBUG    | Binance Futures API is online and reachable
2026-02-02 20:43:28 | DEBUG    | Leverage validated: 20
2026-02-02 20:43:28 | DEBUG    | Available USDT balance validated: 4968.92735433
2026-02-02 20:43:29 | ERROR    | Order failed APIError(code=-2019): Margin is insufficient.
2026-02-02 20:44:04 | INFO     | Placing Order | SELL | 2.0 | BTCUSDT | lev 20
2026-02-02 20:44:05 | DEBUG    | Symbol 'BTCUSDT' is valid on Binance Futures
2026-02-02 20:44:05 | DEBUG    | Side validated: SELL
2026-02-02 20:44:05 | DEBUG    | Order parameters validated: symbol=BTCUSDT, quantity=2.0, price=None
2026-02-02 20:44:06 | DEBUG    | Binance Futures API is online and reachable
2026-02-02 20:44:06 | DEBUG    | Leverage validated: 20
2026-02-02 20:44:06 | DEBUG    | Available USDT balance validated: 4968.92735433
2026-02-02 20:44:07 | WARNING  | Quantity 2.0 too high, adjusted → 1.018353
2026-02-02 20:44:07 | ERROR    | Order failed APIError(code=-1111): Precision is over the maximum defined for this asset.
2026-02-02 20:44:28 | INFO     | Placing Order | BUY | 1.018353 | BTCUSDT | lev 20
2026-02-02 20:44:29 | DEBUG    | Symbol 'BTCUSDT' is valid on Binance Futures
2026-02-02 20:44:29 | DEBUG    | Side validated: BUY
2026-02-02 20:44:29 | DEBUG    | Order parameters validated: symbol=BTCUSDT, quantity=1.018353, price=None
2026-02-02 20:44:29 | DEBUG    | Binance Futures API is online and reachable
2026-02-02 20:44:29 | DEBUG    | Leverage validated: 20
2026-02-02 20:44:29 | DEBUG    | Available USDT balance validated: 4968.92735433
2026-02-02 20:44:30 | WARNING  | Quantity 1.018353 too high, adjusted → 1.016948
2026-02-02 20:44:30 | ERROR    | Order failed APIError(code=-1111): Precision is over the maximum defined for this asset.
2026-02-02 20:44:53 | INFO     | Placing Order | BUY | 1.0 | BTCUSDT | lev 20
2026-02-02 20:44:53 | DEBUG    | Symbol 'BTCUSDT' is valid on Binance Futures
2026-02-02 20:44:53 | DEBUG    | Side validated: BUY
2026-02-02 20:44:53 | DEBUG    | Order parameters validated: symbol=BTCUSDT, quantity=1.0, price=None
2026-02-02 20:44:53 | DEBUG    | Binance Futures API is online and reachable
2026-02-02 20:44:53 | DEBUG    | Leverage validated: 20
2026-02-02 20:44:54 | DEBUG    | Available USDT balance validated: 4968.92735433
2026-02-02 20:44:55 | ERROR    | Order failed APIError(code=-2019): Margin is insufficient.
2026-02-02 20:46:19 | INFO     | Placing Order | BUY | 0.01 | BTCUSDT | lev 20
2026-02-02 20:46:20 | DEBUG    | Symbol 'BTCUSDT' is valid on Binance Futures
2026-02-02 20:46:20 | DEBUG    | Side validated: BUY
2026-02-02 20:46:20 | DEBUG    | Order parameters validated: symbol=BTCUSDT, quantity=0.01, price=None
2026-02-02 20:46:20 | DEBUG    | Binance Futures API is online and reachable
2026-02-02 20:46:20 | DEBUG    | Leverage validated: 20
2026-02-02 20:46:20 | DEBUG    | Available USDT balance validated: 4968.92735433
2026-02-02 20:46:21 | INFO     | Order Placed successfully with id: 12085310435
